<?xml version="1.0" encoding="UTF-8"?>
<!-- Generated by org.testng.reporters.JUnitReportReporter -->
<testsuite hostname="Kiran-Tech" failures="0" tests="1" name="tv9_digital_project.Tv9Home_Page_test" time="95.681" errors="0" timestamp="2024-10-17T16:07:08 IST" skipped="0">
  <testcase classname="tv9_digital_project.Tv9Home_Page_test" name="testHomePage" time="95.681"/>
  <system-out/>
</testsuite> <!-- tv9_digital_project.Tv9Home_Page_test -->
