<?xml version="1.0" encoding="UTF-8"?>
<!-- Generated by org.testng.reporters.JUnitReportReporter -->
<testsuite hostname="Kiran-Tech" failures="0" tests="23" name="tv9_digital_project.tv9HomePage_test" time="201.398" errors="1" timestamp="2024-11-29T12:21:00 IST" skipped="0">
  <testcase classname="tv9_digital_project.tv9HomePage_test" name="testCoreWebVitals" time="33.422">
    <error message="class java.lang.Integer cannot be cast to class java.lang.Double (java.lang.Integer and java.lang.Double are in module java.base of loader &#039;bootstrap&#039;)" type="java.lang.ClassCastException">
      <![CDATA[java.lang.ClassCastException: class java.lang.Integer cannot be cast to class java.lang.Double (java.lang.Integer and java.lang.Double are in module java.base of loader 'bootstrap')
at tv9_digital_project.tv9HomePage_test.testCoreWebVitals(tv9HomePage_test.java:71)
at java.base/jdk.internal.reflect.DirectMethodHandleAccessor.invoke(DirectMethodHandleAccessor.java:103)
at java.base/java.lang.reflect.Method.invoke(Method.java:580)
at org.testng.internal.MethodInvocationHelper.invokeMethod(MethodInvocationHelper.java:133)
at org.testng.internal.TestInvoker.invokeMethod(TestInvoker.java:598)
at org.testng.internal.TestInvoker.invokeTestMethod(TestInvoker.java:173)
at org.testng.internal.MethodRunner.runInSequence(MethodRunner.java:46)
at org.testng.internal.TestInvoker$MethodInvocationAgent.invoke(TestInvoker.java:824)
at org.testng.internal.TestInvoker.invokeTestMethods(TestInvoker.java:146)
at org.testng.internal.TestMethodWorker.invokeTestMethods(TestMethodWorker.java:146)
at org.testng.internal.TestMethodWorker.run(TestMethodWorker.java:128)
at java.base/java.util.ArrayList.forEach(ArrayList.java:1597)
at org.testng.TestRunner.privateRun(TestRunner.java:794)
at org.testng.TestRunner.run(TestRunner.java:596)
at org.testng.SuiteRunner.runTest(SuiteRunner.java:377)
at org.testng.SuiteRunner.runSequentially(SuiteRunner.java:371)
at org.testng.SuiteRunner.privateRun(SuiteRunner.java:332)
at org.testng.SuiteRunner.run(SuiteRunner.java:276)
at org.testng.SuiteRunnerWorker.runSuite(SuiteRunnerWorker.java:53)
at org.testng.SuiteRunnerWorker.run(SuiteRunnerWorker.java:96)
at org.testng.TestNG.runSuitesSequentially(TestNG.java:1212)
at org.testng.TestNG.runSuitesLocally(TestNG.java:1134)
at org.testng.TestNG.runSuites(TestNG.java:1063)
at org.testng.TestNG.run(TestNG.java:1031)
at org.testng.remote.AbstractRemoteTestNG.run(AbstractRemoteTestNG.java:115)
at org.testng.remote.RemoteTestNG.initAndRun(RemoteTestNG.java:293)
at org.testng.remote.RemoteTestNG.main(RemoteTestNG.java:91)
]]>
    </error>
  </testcase> <!-- testCoreWebVitals -->
  <system-out/>
  <testcase classname="tv9_digital_project.tv9HomePage_test" name="testHomePage" time="6.505"/>
  <system-out/>
  <testcase classname="tv9_digital_project.tv9HomePage_test" name="testWebStory" time="6.400"/>
  <system-out/>
  <testcase classname="tv9_digital_project.tv9HomePage_test" name="testState" time="6.158"/>
  <system-out/>
  <testcase classname="tv9_digital_project.tv9HomePage_test" name="testNotifications" time="4.248"/>
  <system-out/>
  <testcase classname="tv9_digital_project.tv9HomePage_test" name="testCountry" time="6.097"/>
  <system-out/>
  <testcase classname="tv9_digital_project.tv9HomePage_test" name="testAutomateLiveTv" time="5.238"/>
  <system-out/>
  <testcase classname="tv9_digital_project.tv9HomePage_test" name="testElections2024" time="7.249"/>
  <system-out/>
  <testcase classname="tv9_digital_project.tv9HomePage_test" name="testHindiLanguage" time="13.812"/>
  <system-out/>
  <testcase classname="tv9_digital_project.tv9HomePage_test" name="testTechnology" time="5.859"/>
  <system-out/>
  <testcase classname="tv9_digital_project.tv9HomePage_test" name="testReligion" time="5.112"/>
  <system-out/>
  <testcase classname="tv9_digital_project.tv9HomePage_test" name="testActiveVideo" time="6.801"/>
  <system-out/>
  <testcase classname="tv9_digital_project.tv9HomePage_test" name="testEducation" time="5.318"/>
  <system-out/>
  <testcase classname="tv9_digital_project.tv9HomePage_test" name="testHamburgerMenu" time="3.739"/>
  <system-out/>
  <testcase classname="tv9_digital_project.tv9HomePage_test" name="testCloseHamburgerMenu" time="27.200"/>
  <system-out/>
  <testcase classname="tv9_digital_project.tv9HomePage_test" name="testHealth" time="6.686"/>
  <system-out/>
  <testcase classname="tv9_digital_project.tv9HomePage_test" name="testKnowledge" time="6.773"/>
  <system-out/>
  <testcase classname="tv9_digital_project.tv9HomePage_test" name="testSports" time="8.276"/>
  <system-out/>
  <testcase classname="tv9_digital_project.tv9HomePage_test" name="testSportsLogo" time="13.361"/>
  <system-out/>
  <testcase classname="tv9_digital_project.tv9HomePage_test" name="testBusiness" time="8.710"/>
  <system-out/>
  <testcase classname="tv9_digital_project.tv9HomePage_test" name="testWorld" time="6.135"/>
  <system-out/>
  <testcase classname="tv9_digital_project.tv9HomePage_test" name="testIsPageUsingHttps" time="2.067"/>
  <system-out/>
  <testcase classname="tv9_digital_project.tv9HomePage_test" name="testViewMore" time="6.232"/>
  <system-out/>
</testsuite> <!-- tv9_digital_project.tv9HomePage_test -->
