<?xml version="1.0" encoding="UTF-8"?>
<!-- Generated by org.testng.reporters.JUnitReportReporter -->
<testsuite hostname="Kiran-Tech" failures="0" tests="2" name="tv9_digital_project.tv9HomePage_test" time="26.047" errors="0" timestamp="2024-11-28T17:56:24 IST" skipped="0">
  <testcase classname="tv9_digital_project.tv9HomePage_test" name="testHomePage" time="18.982"/>
  <system-out/>
  <testcase classname="tv9_digital_project.tv9HomePage_test" name="testCountry" time="7.065"/>
  <system-out/>
</testsuite> <!-- tv9_digital_project.tv9HomePage_test -->
