<?xml version="1.0" encoding="UTF-8"?>
<!-- Generated by org.testng.reporters.JUnitReportReporter -->
<testsuite hostname="Kiran-Tech" failures="0" tests="2" name="tv9_digital_project.tv9HomePage_test" time="5.732" errors="0" timestamp="2024-11-20T14:38:18 IST" skipped="0">
  <testcase classname="tv9_digital_project.tv9HomePage_test" name="testHomePage" time="0.939"/>
  <system-out/>
  <testcase classname="tv9_digital_project.tv9HomePage_test" name="testTechnology" time="4.793"/>
  <system-out/>
</testsuite> <!-- tv9_digital_project.tv9HomePage_test -->
