<?xml version="1.0" encoding="UTF-8"?>
<!-- Generated by org.testng.reporters.JUnitReportReporter -->
<testsuite hostname="Kiran-Tech" failures="0" tests="2" name="tv9_digital_project.tv9HomePage_test" time="8.332" errors="0" timestamp="2024-12-02T12:03:39 IST" skipped="0">
  <testcase classname="tv9_digital_project.tv9HomePage_test" name="testHomePage" time="2.815"/>
  <system-out/>
  <testcase classname="tv9_digital_project.tv9HomePage_test" name="testCountry" time="5.517"/>
  <system-out/>
</testsuite> <!-- tv9_digital_project.tv9HomePage_test -->
