<?xml version="1.0" encoding="UTF-8"?>
<!-- Generated by org.testng.reporters.JUnitReportReporter -->
<testsuite hostname="Kiran-Tech" failures="0" tests="20" name="tv9_digital_project.tv9HomePage_test" time="108.726" errors="0" timestamp="2024-10-29T16:23:55 IST" skipped="0">
  <testcase classname="tv9_digital_project.tv9HomePage_test" name="testHomePage" time="1.422"/>
  <system-out/>
  <testcase classname="tv9_digital_project.tv9HomePage_test" name="testWebStory" time="3.602"/>
  <system-out/>
  <testcase classname="tv9_digital_project.tv9HomePage_test" name="testBusiness" time="3.069"/>
  <system-out/>
  <testcase classname="tv9_digital_project.tv9HomePage_test" name="testCountry" time="3.182"/>
  <system-out/>
  <testcase classname="tv9_digital_project.tv9HomePage_test" name="testState" time="4.231"/>
  <system-out/>
  <testcase classname="tv9_digital_project.tv9HomePage_test" name="testNotifications" time="2.014"/>
  <system-out/>
  <testcase classname="tv9_digital_project.tv9HomePage_test" name="testAutomateLiveTv" time="3.436"/>
  <system-out/>
  <testcase classname="tv9_digital_project.tv9HomePage_test" name="testElections2024" time="3.731"/>
  <system-out/>
  <testcase classname="tv9_digital_project.tv9HomePage_test" name="testHindiLanguage" time="19.920"/>
  <system-out/>
  <testcase classname="tv9_digital_project.tv9HomePage_test" name="testTechnology" time="3.793"/>
  <system-out/>
  <testcase classname="tv9_digital_project.tv9HomePage_test" name="testWorld" time="3.070"/>
  <system-out/>
  <testcase classname="tv9_digital_project.tv9HomePage_test" name="testReligion" time="3.126"/>
  <system-out/>
  <testcase classname="tv9_digital_project.tv9HomePage_test" name="testActiveVideo" time="2.335"/>
  <system-out/>
  <testcase classname="tv9_digital_project.tv9HomePage_test" name="testEducation" time="3.564"/>
  <system-out/>
  <testcase classname="tv9_digital_project.tv9HomePage_test" name="testHamburgerMenu" time="1.585"/>
  <system-out/>
  <testcase classname="tv9_digital_project.tv9HomePage_test" name="testCloseHamburgerMenu" time="16.833"/>
  <system-out/>
  <testcase classname="tv9_digital_project.tv9HomePage_test" name="testHealth" time="3.958"/>
  <system-out/>
  <testcase classname="tv9_digital_project.tv9HomePage_test" name="testKnowledge" time="3.201"/>
  <system-out/>
  <testcase classname="tv9_digital_project.tv9HomePage_test" name="testSports" time="6.115"/>
  <system-out/>
  <testcase classname="tv9_digital_project.tv9HomePage_test" name="testSportsLogo" time="16.539"/>
  <system-out/>
</testsuite> <!-- tv9_digital_project.tv9HomePage_test -->
