<?xml version="1.0" encoding="UTF-8"?>
<!-- Generated by org.testng.reporters.JUnitReportReporter -->
<testsuite hostname="Kiran-Tech" failures="0" tests="1" name="tv9_digital_project.Tv9hinditest" time="5.229" errors="0" timestamp="2024-11-26T14:37:50 IST" skipped="0">
  <testcase classname="tv9_digital_project.Tv9hinditest" name="extractComScoreCode" time="5.229"/>
  <system-out/>
</testsuite> <!-- tv9_digital_project.Tv9hinditest -->
