<?xml version="1.0" encoding="UTF-8"?>
<!-- Generated by org.testng.reporters.JUnitReportReporter -->
<testsuite hostname="Kiran-Tech" failures="0" tests="3" name="tv9_digital_project.crossbrowsertest" time="120.454" errors="0" timestamp="2024-10-28T11:52:15 IST" skipped="0">
  <testcase classname="tv9_digital_project.crossbrowsertest" name="setUp" time="8.446"/>
  <system-out/>
  <testcase classname="tv9_digital_project.crossbrowsertest" name="setUp" time="8.987"/>
  <system-out/>
  <testcase classname="tv9_digital_project.crossbrowsertest" name="setUp" time="103.021"/>
  <system-out/>
</testsuite> <!-- tv9_digital_project.crossbrowsertest -->
