<?xml version="1.0" encoding="UTF-8"?>
<!-- Generated by org.testng.reporters.JUnitReportReporter -->
<testsuite hostname="Kiran-Tech" failures="0" tests="2" name="tv9_digital_project.tv9HomePage_test" time="6.029" errors="0" timestamp="2024-11-18T17:02:17 IST" skipped="0">
  <testcase classname="tv9_digital_project.tv9HomePage_test" name="testHomePage" time="3.566"/>
  <system-out/>
  <testcase classname="tv9_digital_project.tv9HomePage_test" name="testNotifications" time="2.463"/>
  <system-out/>
</testsuite> <!-- tv9_digital_project.tv9HomePage_test -->
