<?xml version="1.0" encoding="UTF-8"?>
<!-- Generated by org.testng.reporters.JUnitReportReporter -->
<testsuite hostname="Kiran-Tech" failures="0" tests="2" name="tv9_digital_project.ElectionPage_test" time="7.482" errors="0" timestamp="2024-10-29T14:32:18 IST" skipped="0">
  <testcase classname="tv9_digital_project.ElectionPage_test" name="testElectionHomePage" time="5.930"/>
  <system-out/>
  <testcase classname="tv9_digital_project.ElectionPage_test" name="testElections2024" time="1.552"/>
  <system-out/>
</testsuite> <!-- tv9_digital_project.ElectionPage_test -->
