<?xml version="1.0" encoding="UTF-8"?>
<!-- Generated by org.testng.reporters.JUnitReportReporter -->
<testsuite hostname="Kiran-Tech" failures="0" tests="2" name="tv9_digital_project.ElectionPage_test" time="14.853" errors="0" timestamp="2024-11-12T16:21:31 IST" skipped="0">
  <testcase classname="tv9_digital_project.ElectionPage_test" name="testElectionHomePage" time="8.373"/>
  <system-out/>
  <testcase classname="tv9_digital_project.ElectionPage_test" name="testViewMore" time="6.480"/>
  <system-out/>
</testsuite> <!-- tv9_digital_project.ElectionPage_test -->
