<?xml version="1.0" encoding="UTF-8"?>
<!-- Generated by org.testng.reporters.JUnitReportReporter -->
<testsuite hostname="Kiran-Tech" failures="0" tests="23" name="tv9_digital_project.tv9HomePage_test" time="100.046" errors="1" timestamp="2024-12-04T11:46:53 IST" skipped="7">
  <testcase classname="tv9_digital_project.tv9HomePage_test" name="testHomePage" time="4.216"/>
  <system-out/>
  <testcase classname="tv9_digital_project.tv9HomePage_test" name="testWebStory" time="5.437"/>
  <system-out/>
  <testcase classname="tv9_digital_project.tv9HomePage_test" name="testState" time="4.947"/>
  <system-out/>
  <testcase classname="tv9_digital_project.tv9HomePage_test" name="testCountry" time="5.156"/>
  <system-out/>
  <testcase classname="tv9_digital_project.tv9HomePage_test" name="testElections2024" time="9.257"/>
  <system-out/>
  <testcase classname="tv9_digital_project.tv9HomePage_test" name="testHindiLanguage" time="13.653"/>
  <system-out/>
  <testcase classname="tv9_digital_project.tv9HomePage_test" name="testTechnology" time="5.246"/>
  <system-out/>
  <testcase classname="tv9_digital_project.tv9HomePage_test" name="testReligion" time="5.914"/>
  <system-out/>
  <testcase classname="tv9_digital_project.tv9HomePage_test" name="testActiveVideo" time="4.540"/>
  <system-out/>
  <testcase classname="tv9_digital_project.tv9HomePage_test" name="testEducation" time="4.478"/>
  <system-out/>
  <testcase classname="tv9_digital_project.tv9HomePage_test" name="testHealth" time="4.456"/>
  <system-out/>
  <testcase classname="tv9_digital_project.tv9HomePage_test" name="testKnowledge" time="5.374"/>
  <system-out/>
  <testcase classname="tv9_digital_project.tv9HomePage_test" name="testSports" time="6.178"/>
  <system-out/>
  <testcase classname="tv9_digital_project.tv9HomePage_test" name="testBusiness" time="12.930">
    <error message="stale element reference: stale element not found
  (Session info: chrome=131.0.6778.86)
For documentation on this error, please visit: https://www.selenium.dev/documentation/webdriver/troubleshooting/errors#stale-element-reference-exception
Build info: version: &#039;4.25.0&#039;, revision: &#039;8a8aea2337&#039;
System info: os.name: &#039;Windows 10&#039;, os.arch: &#039;amd64&#039;, os.version: &#039;10.0&#039;, java.version: &#039;23&#039;
Driver info: org.openqa.selenium.chrome.ChromeDriver
Command: [e66fa3167944fd2091af487f66c67437, getElementAttribute {name=href, id=f.5031237EBCD4AAC8F033E96D1B679B44.d.D211DA58A50B9C19699BA7D348DB5526.e.1034}]
Capabilities {acceptInsecureCerts: false, browserName: chrome, browserVersion: 131.0.6778.86, chrome: {chromedriverVersion: 131.0.6778.85 (3d81e41b6f3a..., userDataDir: C:\Users\KIRAN~1.KUM\AppDat...}, fedcm:accounts: true, goog:chromeOptions: {debuggerAddress: localhost:51790}, networkConnectionEnabled: false, pageLoadStrategy: normal, platformName: windows, proxy: Proxy(), se:cdp: ws://localhost:51790/devtoo..., se:cdpVersion: 131.0.6778.86, setWindowRect: true, strictFileInteractability: false, timeouts: {implicit: 0, pageLoad: 300000, script: 30000}, unhandledPromptBehavior: dismiss and notify, webauthn:extension:credBlob: true, webauthn:extension:largeBlob: true, webauthn:extension:minPinLength: true, webauthn:extension:prf: true, webauthn:virtualAuthenticators: true}
Element: [[ChromeDriver: chrome on windows (e66fa3167944fd2091af487f66c67437)] -&gt; xpath: //a[contains(text(),&#039;बिजनेस&#039;)]]
Session ID: e66fa3167944fd2091af487f66c67437" type="org.openqa.selenium.StaleElementReferenceException">
      <![CDATA[org.openqa.selenium.StaleElementReferenceException: stale element reference: stale element not found
  (Session info: chrome=131.0.6778.86)
For documentation on this error, please visit: https://www.selenium.dev/documentation/webdriver/troubleshooting/errors#stale-element-reference-exception
Build info: version: '4.25.0', revision: '8a8aea2337'
System info: os.name: 'Windows 10', os.arch: 'amd64', os.version: '10.0', java.version: '23'
Driver info: org.openqa.selenium.chrome.ChromeDriver
Command: [e66fa3167944fd2091af487f66c67437, getElementAttribute {name=href, id=f.5031237EBCD4AAC8F033E96D1B679B44.d.D211DA58A50B9C19699BA7D348DB5526.e.1034}]
Capabilities {acceptInsecureCerts: false, browserName: chrome, browserVersion: 131.0.6778.86, chrome: {chromedriverVersion: 131.0.6778.85 (3d81e41b6f3a..., userDataDir: C:\Users\KIRAN~1.KUM\AppDat...}, fedcm:accounts: true, goog:chromeOptions: {debuggerAddress: localhost:51790}, networkConnectionEnabled: false, pageLoadStrategy: normal, platformName: windows, proxy: Proxy(), se:cdp: ws://localhost:51790/devtoo..., se:cdpVersion: 131.0.6778.86, setWindowRect: true, strictFileInteractability: false, timeouts: {implicit: 0, pageLoad: 300000, script: 30000}, unhandledPromptBehavior: dismiss and notify, webauthn:extension:credBlob: true, webauthn:extension:largeBlob: true, webauthn:extension:minPinLength: true, webauthn:extension:prf: true, webauthn:virtualAuthenticators: true}
Element: [[ChromeDriver: chrome on windows (e66fa3167944fd2091af487f66c67437)] -> xpath: //a[contains(text(),'बिजनेस')]]
Session ID: e66fa3167944fd2091af487f66c67437
at java.base/jdk.internal.reflect.DirectConstructorHandleAccessor.newInstance(DirectConstructorHandleAccessor.java:62)
at java.base/java.lang.reflect.Constructor.newInstanceWithCaller(Constructor.java:501)
at java.base/java.lang.reflect.Constructor.newInstance(Constructor.java:485)
at org.openqa.selenium.remote.ErrorCodec.decode(ErrorCodec.java:167)
at org.openqa.selenium.remote.codec.w3c.W3CHttpResponseCodec.decode(W3CHttpResponseCodec.java:138)
at org.openqa.selenium.remote.codec.w3c.W3CHttpResponseCodec.decode(W3CHttpResponseCodec.java:50)
at org.openqa.selenium.remote.HttpCommandExecutor.execute(HttpCommandExecutor.java:190)
at org.openqa.selenium.remote.service.DriverCommandExecutor.invokeExecute(DriverCommandExecutor.java:216)
at org.openqa.selenium.remote.service.DriverCommandExecutor.execute(DriverCommandExecutor.java:174)
at org.openqa.selenium.remote.RemoteWebDriver.execute(RemoteWebDriver.java:545)
at org.openqa.selenium.remote.RemoteWebElement.execute(RemoteWebElement.java:223)
at org.openqa.selenium.remote.RemoteWebElement.getAttribute(RemoteWebElement.java:149)
at tv9_digital_project.tv9HomePage_test.testBusiness(tv9HomePage_test.java:205)
at java.base/jdk.internal.reflect.DirectMethodHandleAccessor.invoke(DirectMethodHandleAccessor.java:103)
at java.base/java.lang.reflect.Method.invoke(Method.java:580)
at org.testng.internal.MethodInvocationHelper.invokeMethod(MethodInvocationHelper.java:133)
at org.testng.internal.TestInvoker.invokeMethod(TestInvoker.java:598)
at org.testng.internal.TestInvoker.invokeTestMethod(TestInvoker.java:173)
at org.testng.internal.MethodRunner.runInSequence(MethodRunner.java:46)
at org.testng.internal.TestInvoker$MethodInvocationAgent.invoke(TestInvoker.java:824)
at org.testng.internal.TestInvoker.invokeTestMethods(TestInvoker.java:146)
at org.testng.internal.TestMethodWorker.invokeTestMethods(TestMethodWorker.java:146)
at org.testng.internal.TestMethodWorker.run(TestMethodWorker.java:128)
at java.base/java.util.ArrayList.forEach(ArrayList.java:1597)
at org.testng.TestRunner.privateRun(TestRunner.java:794)
at org.testng.TestRunner.run(TestRunner.java:596)
at org.testng.SuiteRunner.runTest(SuiteRunner.java:377)
at org.testng.SuiteRunner.runSequentially(SuiteRunner.java:371)
at org.testng.SuiteRunner.privateRun(SuiteRunner.java:332)
at org.testng.SuiteRunner.run(SuiteRunner.java:276)
at org.testng.SuiteRunnerWorker.runSuite(SuiteRunnerWorker.java:53)
at org.testng.SuiteRunnerWorker.run(SuiteRunnerWorker.java:96)
at org.testng.TestNG.runSuitesSequentially(TestNG.java:1212)
at org.testng.TestNG.runSuitesLocally(TestNG.java:1134)
at org.testng.TestNG.runSuites(TestNG.java:1063)
at org.testng.TestNG.run(TestNG.java:1031)
at org.testng.remote.AbstractRemoteTestNG.run(AbstractRemoteTestNG.java:115)
at org.testng.remote.RemoteTestNG.initAndRun(RemoteTestNG.java:293)
at org.testng.remote.RemoteTestNG.main(RemoteTestNG.java:91)
]]>
    </error>
  </testcase> <!-- testBusiness -->
  <system-out/>
  <testcase classname="tv9_digital_project.tv9HomePage_test" name="testWorld" time="5.456"/>
  <system-out/>
  <testcase classname="tv9_digital_project.tv9HomePage_test" name="testIsPageUsingHttps" time="2.808"/>
  <system-out/>
  <testcase classname="tv9_digital_project.tv9HomePage_test" name="testViewMore">
    <skipped/>
  </testcase> <!-- testViewMore -->
  <system-out/>
  <testcase classname="tv9_digital_project.tv9HomePage_test" name="testAutomateLiveTv">
    <skipped/>
  </testcase> <!-- testAutomateLiveTv -->
  <system-out/>
  <testcase classname="tv9_digital_project.tv9HomePage_test" name="testNotifications">
    <skipped/>
  </testcase> <!-- testNotifications -->
  <system-out/>
  <testcase classname="tv9_digital_project.tv9HomePage_test" name="testCloseHamburgerMenu">
    <skipped/>
  </testcase> <!-- testCloseHamburgerMenu -->
  <system-out/>
  <testcase classname="tv9_digital_project.tv9HomePage_test" name="testHamburgerMenu">
    <skipped/>
  </testcase> <!-- testHamburgerMenu -->
  <system-out/>
  <testcase classname="tv9_digital_project.tv9HomePage_test" name="testSportsLogo">
    <skipped/>
  </testcase> <!-- testSportsLogo -->
  <system-out/>
  <testcase classname="tv9_digital_project.tv9HomePage_test" name="testCoreWebVitals">
    <skipped/>
  </testcase> <!-- testCoreWebVitals -->
  <system-out/>
</testsuite> <!-- tv9_digital_project.tv9HomePage_test -->
