<?xml version="1.0" encoding="UTF-8"?>
<!-- Generated by org.testng.reporters.JUnitReportReporter -->
<testsuite hostname="Kiran-Tech" failures="0" tests="1" name="tv9_digital_project.ElectionPage_test" time="34.853" errors="0" timestamp="2024-11-11T10:39:18 IST" skipped="0">
  <testcase classname="tv9_digital_project.ElectionPage_test" name="testCoreWebVitals" time="34.853"/>
  <system-out/>
</testsuite> <!-- tv9_digital_project.ElectionPage_test -->
