<?xml version="1.0" encoding="UTF-8"?>
<!-- Generated by org.testng.reporters.JUnitReportReporter -->
<testsuite hostname="Kiran-Tech" failures="0" tests="23" name="tv9_digital_project.tv9HomePage_test" time="121.557" errors="0" timestamp="2024-12-17T14:56:50 IST" skipped="7">
  <testcase classname="tv9_digital_project.tv9HomePage_test" name="testHomePage" time="18.633"/>
  <system-out/>
  <testcase classname="tv9_digital_project.tv9HomePage_test" name="testWebStory" time="6.710"/>
  <system-out/>
  <testcase classname="tv9_digital_project.tv9HomePage_test" name="testState" time="6.032"/>
  <system-out/>
  <testcase classname="tv9_digital_project.tv9HomePage_test" name="testCountry" time="7.873"/>
  <system-out/>
  <testcase classname="tv9_digital_project.tv9HomePage_test" name="testElections2024" time="14.382"/>
  <system-out/>
  <testcase classname="tv9_digital_project.tv9HomePage_test" name="testHindiLanguage" time="13.373"/>
  <system-out/>
  <testcase classname="tv9_digital_project.tv9HomePage_test" name="testTechnology" time="7.481"/>
  <system-out/>
  <testcase classname="tv9_digital_project.tv9HomePage_test" name="testReligion" time="4.917"/>
  <system-out/>
  <testcase classname="tv9_digital_project.tv9HomePage_test" name="testActiveVideo" time="4.116"/>
  <system-out/>
  <testcase classname="tv9_digital_project.tv9HomePage_test" name="testEducation" time="5.426"/>
  <system-out/>
  <testcase classname="tv9_digital_project.tv9HomePage_test" name="testHealth" time="5.329"/>
  <system-out/>
  <testcase classname="tv9_digital_project.tv9HomePage_test" name="testKnowledge" time="4.353"/>
  <system-out/>
  <testcase classname="tv9_digital_project.tv9HomePage_test" name="testSports" time="6.018"/>
  <system-out/>
  <testcase classname="tv9_digital_project.tv9HomePage_test" name="testBusiness" time="4.715"/>
  <system-out/>
  <testcase classname="tv9_digital_project.tv9HomePage_test" name="testWorld" time="6.307"/>
  <system-out/>
  <testcase classname="tv9_digital_project.tv9HomePage_test" name="testIsPageUsingHttps" time="5.892"/>
  <system-out/>
  <testcase classname="tv9_digital_project.tv9HomePage_test" name="testViewMore">
    <skipped/>
  </testcase> <!-- testViewMore -->
  <system-out/>
  <testcase classname="tv9_digital_project.tv9HomePage_test" name="testAutomateLiveTv">
    <skipped/>
  </testcase> <!-- testAutomateLiveTv -->
  <system-out/>
  <testcase classname="tv9_digital_project.tv9HomePage_test" name="testNotifications">
    <skipped/>
  </testcase> <!-- testNotifications -->
  <system-out/>
  <testcase classname="tv9_digital_project.tv9HomePage_test" name="testHamburgerMenu">
    <skipped/>
  </testcase> <!-- testHamburgerMenu -->
  <system-out/>
  <testcase classname="tv9_digital_project.tv9HomePage_test" name="testCloseHamburgerMenu">
    <skipped/>
  </testcase> <!-- testCloseHamburgerMenu -->
  <system-out/>
  <testcase classname="tv9_digital_project.tv9HomePage_test" name="testSportsLogo">
    <skipped/>
  </testcase> <!-- testSportsLogo -->
  <system-out/>
  <testcase classname="tv9_digital_project.tv9HomePage_test" name="testCoreWebVitals">
    <skipped/>
  </testcase> <!-- testCoreWebVitals -->
  <system-out/>
</testsuite> <!-- tv9_digital_project.tv9HomePage_test -->
